<?xml version="1.0" encoding="UTF-8"?>
<!-- Generated by org.testng.reporters.JUnitReportReporter -->
<testsuite hostname="WS-790W1F3" failures="0" tests="8" name="TestScenario" time="1.365" errors="0" timestamp="2022-01-24T16:36:11 CET" skipped="0">
  <testcase classname="TestScenario" name="getUserById" time="0.031"/>
  <system-out/>
  <testcase classname="TestScenario" name="checkUserByName" time="1.195"/>
  <system-out/>
  <testcase classname="TestScenario" name="getUrl" time="0.012"/>
  <system-out/>
  <testcase classname="TestScenario" name="testGet" time="0.034"/>
  <system-out/>
  <testcase classname="TestScenario" name="getNonExistUser" time="0.031"/>
  <system-out/>
  <testcase classname="TestScenario" name="getAllUsers" time="0.059"/>
  <system-out/>
  <testcase classname="TestScenario" name="addNewUser" time="0.003"/>
  <system-out/>
  <testcase classname="TestScenario" name="tT" time="0.000"/>
  <system-out/>
</testsuite> <!-- TestScenario -->
